Fri Apr 05 13:35:47 CST 2013  [debug] AvalonLogSystem initialized using logfile 'I:\momogril\webservice\.metadata\.plugins\com.genuitec.eclipse.templates\velocity.log'
Fri Apr 05 13:35:47 CST 2013   [info] ************************************************************** 
Fri Apr 05 13:35:47 CST 2013   [info] Starting Jakarta Velocity v1.4
Fri Apr 05 13:35:47 CST 2013   [info] RuntimeInstance initializing.
Fri Apr 05 13:35:47 CST 2013   [info] Default Properties File: org\apache\velocity\runtime\defaults\velocity.properties
Fri Apr 05 13:35:47 CST 2013   [info] Trying to use logger class org.apache.velocity.runtime.log.AvalonLogSystem
Fri Apr 05 13:35:47 CST 2013   [info] Using logger class org.apache.velocity.runtime.log.AvalonLogSystem
Fri Apr 05 13:35:47 CST 2013   [info] Default ResourceManager initializing. (class org.apache.velocity.runtime.resource.ResourceManagerImpl)
Fri Apr 05 13:35:47 CST 2013   [info] Resource Loader Instantiated: com.genuitec.eclipse.templates.internal.PluginResourceLoader
Fri Apr 05 13:35:47 CST 2013   [info] ResourceCache : initialized. (class org.apache.velocity.runtime.resource.ResourceCacheImpl)
Fri Apr 05 13:35:47 CST 2013   [info] Default ResourceManager initialization complete.
Fri Apr 05 13:35:47 CST 2013   [info] Loaded System Directive: org.apache.velocity.runtime.directive.Literal
Fri Apr 05 13:35:47 CST 2013   [info] Loaded System Directive: org.apache.velocity.runtime.directive.Macro
Fri Apr 05 13:35:47 CST 2013   [info] Loaded System Directive: org.apache.velocity.runtime.directive.Parse
Fri Apr 05 13:35:47 CST 2013   [info] Loaded System Directive: org.apache.velocity.runtime.directive.Include
Fri Apr 05 13:35:47 CST 2013   [info] Loaded System Directive: org.apache.velocity.runtime.directive.Foreach
Fri Apr 05 13:35:47 CST 2013   [info] Created: 20 parsers.
Fri Apr 05 13:35:47 CST 2013   [info] Velocimacro : initialization starting.
Fri Apr 05 13:35:47 CST 2013   [info] Velocimacro : adding VMs from VM library template : VM_global_library.vm
Fri Apr 05 13:35:47 CST 2013  [error] ResourceManager : unable to find resource 'VM_global_library.vm' in any resource loader.
Fri Apr 05 13:35:47 CST 2013   [info] Velocimacro : error using  VM library template VM_global_library.vm : org.apache.velocity.exception.ResourceNotFoundException: Unable to find resource 'VM_global_library.vm'
Fri Apr 05 13:35:47 CST 2013   [info] Velocimacro :  VM library template macro registration complete.
Fri Apr 05 13:35:47 CST 2013   [info] Velocimacro : allowInline = true : VMs can be defined inline in templates
Fri Apr 05 13:35:47 CST 2013   [info] Velocimacro : allowInlineToOverride = true : VMs defined inline may replace previous VM definitions
Fri Apr 05 13:35:47 CST 2013   [info] Velocimacro : allowInlineLocal = true : VMs defined inline will be local to their defining template only.
Fri Apr 05 13:35:47 CST 2013   [info] Velocimacro : messages on  : VM system will output logging messages
Fri Apr 05 13:35:47 CST 2013   [info] Velocimacro : autoload off  : VM system will not automatically reload global library macros
Fri Apr 05 13:35:47 CST 2013   [info] Velocimacro : initialization complete.
Fri Apr 05 13:35:47 CST 2013   [info] Velocity successfully started.
Fri Apr 05 13:35:48 CST 2013   [info] ResourceManager : found templates/web.xml.vm with loader com.genuitec.eclipse.templates.internal.PluginResourceLoader
Fri Apr 05 13:35:49 CST 2013   [info] ResourceManager : found /templates/velocity/welcome/Jsp.vtl with loader com.genuitec.eclipse.templates.internal.PluginResourceLoader
Fri Apr 05 13:59:43 CST 2013   [info] ResourceManager : found templates/html/Html.vtl with loader com.genuitec.eclipse.templates.internal.PluginResourceLoader
Fri Apr 05 13:59:43 CST 2013   [info] ResourceManager : found templates/html/HTMLMetaTags.vtl with loader com.genuitec.eclipse.templates.internal.PluginResourceLoader
Fri Apr 05 14:26:16 CST 2013   [info] ResourceManager : found templates/html/Html.vtl with loader com.genuitec.eclipse.templates.internal.PluginResourceLoader
Fri Apr 05 14:26:16 CST 2013   [info] ResourceManager : found templates/html/HTMLMetaTags.vtl with loader com.genuitec.eclipse.templates.internal.PluginResourceLoader
